CustomViewStudy-master/app/build/outputs/logs/manifest-merger-debug-report.txt
-- Merging decision tree log ---
manifest
ADDED from src/main/AndroidManifest.xml:2:1-68:12
	package
		ADDED from src/main/AndroidManifest.xml:3:5-45
		INJECTED from src/main/AndroidManifest.xml
		INJECTED from src/main/AndroidManifest.xml
	android:versionName
		INJECTED from src/main/AndroidManifest.xml
		INJECTED from src/main/AndroidManifest.xml
	xmlns:android
		ADDED from src/main/AndroidManifest.xml:2:11-69
	android:versionCode
		INJECTED from src/main/AndroidManifest.xml
		INJECTED from src/main/AndroidManifest.xml
uses-permission#android.permission.INTERNET
ADDED from src/main/AndroidManifest.xml:6:5-67
	android:name
		ADDED from src/main/AndroidManifest.xml:6:22-64
uses-permission#android.permission.ACCESS_NETWORK_STATE
ADDED from src/main/AndroidManifest.xml:7:5-79
	android:name
		ADDED from src/main/AndroidManifest.xml:7:22-76
uses-permission#android.permission.READ_PHONE_STATE
ADDED from src/main/AndroidManifest.xml:9:5-75
	android:name
		ADDED from src/main/AndroidManifest.xml:9:22-72
uses-permission#android.permission.READ_EXTERNAL_STORAGE
ADDED from src/main/AndroidManifest.xml:10:5-80
	android:name
		ADDED from src/main/AndroidManifest.xml:10:22-77
uses-permission#android.permission.WRITE_EXTERNAL_STORAGE
ADDED from src/main/AndroidManifest.xml:11:5-81
	android:name
		ADDED from src/main/AndroidManifest.xml:11:22-78
application
ADDED from src/main/AndroidManifest.xml:13:5-66:19
MERGED from [com.android.support:appcompat-v7:24.1.1] AndroidManifest.xml:25:5-20
MERGED from [com.android.support:animated-vector-drawable:24.1.1] AndroidManifest.xml:22:5-20
MERGED from [com.android.support:support-vector-drawable:24.1.1] AndroidManifest.xml:23:5-20
MERGED from [com.android.support:support-v4:24.1.1] AndroidManifest.xml:25:5-20
	android:label
		ADDED from src/main/AndroidManifest.xml:17:9-41
	android:supportsRtl
		ADDED from src/main/AndroidManifest.xml:18:9-35
	android:allowBackup
		ADDED from src/main/AndroidManifest.xml:15:9-35
	android:icon
		ADDED from src/main/AndroidManifest.xml:16:9-43
	android:theme
		ADDED from src/main/AndroidManifest.xml:19:9-40
	android:name
		ADDED from src/main/AndroidManifest.xml:14:9-44
activity#com.example.jingbin.customview.MainActivity
ADDED from src/main/AndroidManifest.xml:20:9-26:20
	android:name
		ADDED from src/main/AndroidManifest.xml:20:19-47
intent-filter#android.intent.action.MAIN+android.intent.category.LAUNCHER
ADDED from src/main/AndroidManifest.xml:21:13-25:29
action#android.intent.action.MAIN
ADDED from src/main/AndroidManifest.xml:22:17-69
	android:name
		ADDED from src/main/AndroidManifest.xml:22:25-66
category#android.intent.category.LAUNCHER
ADDED from src/main/AndroidManifest.xml:24:17-77
	android:name
		ADDED from src/main/AndroidManifest.xml:24:27-74
activity#com.example.jingbin.customview.activity.CustomTitleViewActivity
ADDED from src/main/AndroidManifest.xml:27:9-29:52
	android:screenOrientation
		ADDED from src/main/AndroidManifest.xml:29:13-49
	android:name
		ADDED from src/main/AndroidManifest.xml:28:13-61
activity#com.example.jingbin.customview.activity.CustomImageViewActivity
ADDED from src/main/AndroidManifest.xml:30:9-32:52
	android:screenOrientation
		ADDED from src/main/AndroidManifest.xml:32:13-49
	android:name
		ADDED from src/main/AndroidManifest.xml:31:13-61
activity#com.example.jingbin.customview.activity.CustomProgressBarActivity
ADDED from src/main/AndroidManifest.xml:33:9-35:52
	android:screenOrientation
		ADDED from src/main/AndroidManifest.xml:35:13-49
	android:name
		ADDED from src/main/AndroidManifest.xml:34:13-63
activity#com.example.jingbin.customview.activity.CustomVolumControlBarActivity
ADDED from src/main/AndroidManifest.xml:36:9-38:52
	android:screenOrientation
		ADDED from src/main/AndroidManifest.xml:38:13-49
	android:name
		ADDED from src/main/AndroidManifest.xml:37:13-67
activity#com.example.jingbin.customview.activity.CustomImgContainerActivity
ADDED from src/main/AndroidManifest.xml:39:9-41:52
	android:screenOrientation
		ADDED from src/main/AndroidManifest.xml:41:13-49
	android:name
		ADDED from src/main/AndroidManifest.xml:40:13-64
activity#com.example.jingbin.customview.activity.VDHLayoutActivity
ADDED from src/main/AndroidManifest.xml:42:9-44:52
	android:screenOrientation
		ADDED from src/main/AndroidManifest.xml:44:13-49
	android:name
		ADDED from src/main/AndroidManifest.xml:43:13-55
activity#com.example.jingbin.customview.activity.VDHDeepLayoutActivity
ADDED from src/main/AndroidManifest.xml:45:9-47:52
	android:screenOrientation
		ADDED from src/main/AndroidManifest.xml:47:13-49
	android:name
		ADDED from src/main/AndroidManifest.xml:46:13-59
activity#com.example.jingbin.customview.activity.TaijiActivity
ADDED from src/main/AndroidManifest.xml:48:9-49:51
	android:screenOrientation
		ADDED from src/main/AndroidManifest.xml:49:13-49
	android:name
		ADDED from src/main/AndroidManifest.xml:48:19-57
activity#com.example.jingbin.customview.activity.PathActivity
ADDED from src/main/AndroidManifest.xml:50:9-51:52
	android:screenOrientation
		ADDED from src/main/AndroidManifest.xml:51:13-49
	android:name
		ADDED from src/main/AndroidManifest.xml:50:19-56
activity#com.example.jingbin.customview.activity.NineImgActivity
ADDED from src/main/AndroidManifest.xml:52:9-61
	android:name
		ADDED from src/main/AndroidManifest.xml:52:19-59
activity#com.example.jingbin.customview.activity.CircleImageView
ADDED from src/main/AndroidManifest.xml:53:9-61
	android:name
		ADDED from src/main/AndroidManifest.xml:53:19-59
activity#com.example.jingbin.customview.activity.ZoomImageActivity
ADDED from src/main/AndroidManifest.xml:54:9-63
	android:name
		ADDED from src/main/AndroidManifest.xml:54:19-61
activity#com.example.jingbin.customview.activity.CircularChartActivity
ADDED from src/main/AndroidManifest.xml:55:9-67
	android:name
		ADDED from src/main/AndroidManifest.xml:55:19-65
activity#com.example.jingbin.customview.activity.CircleActivity
ADDED from src/main/AndroidManifest.xml:56:9-60
	android:name
		ADDED from src/main/AndroidManifest.xml:56:19-58
activity#com.example.jingbin.customview.activity.ChartsActivity
ADDED from src/main/AndroidManifest.xml:57:9-60
	android:name
		ADDED from src/main/AndroidManifest.xml:57:19-58
activity#com.example.jingbin.customview.activity.ArrowActivity
ADDED from src/main/AndroidManifest.xml:58:9-59
	android:name
		ADDED from src/main/AndroidManifest.xml:58:19-57
activity#com.example.jingbin.customview.activity.LoadingActivity
ADDED from src/main/AndroidManifest.xml:59:9-61
	android:name
		ADDED from src/main/AndroidManifest.xml:59:19-59
activity#com.example.jingbin.customview.activity.Taiji2Activity
ADDED from src/main/AndroidManifest.xml:60:9-60
	android:name
		ADDED from src/main/AndroidManifest.xml:60:19-58
activity#com.example.jingbin.customview.activity.AnimatorBallActivity
ADDED from src/main/AndroidManifest.xml:61:9-66
	android:name
		ADDED from src/main/AndroidManifest.xml:61:19-64
activity#com.example.jingbin.customview.activity.BezierViewActivity
ADDED from src/main/AndroidManifest.xml:62:9-64
	android:name
		ADDED from src/main/AndroidManifest.xml:62:19-62
activity#com.example.jingbin.customview.activity.NumberAnimatorActivity
ADDED from src/main/AndroidManifest.xml:63:9-68
	android:name
		ADDED from src/main/AndroidManifest.xml:63:19-66
activity#com.example.jingbin.customview.activity.GraphsActivity
ADDED from src/main/AndroidManifest.xml:64:9-60
	android:name
		ADDED from src/main/AndroidManifest.xml:64:19-58
activity#com.example.jingbin.customview.activity.AnimatorActivity
ADDED from src/main/AndroidManifest.xml:65:9-62
	android:name
		ADDED from src/main/AndroidManifest.xml:65:19-60
uses-sdk
INJECTED from src/main/AndroidManifest.xml reason: use-sdk injection requested
MERGED from [com.android.support:appcompat-v7:24.1.1] AndroidManifest.xml:21:5-23:78
MERGED from [com.android.support:animated-vector-drawable:24.1.1] AndroidManifest.xml:20:5-44
MERGED from [com.android.support:support-vector-drawable:24.1.1] AndroidManifest.xml:21:5-43
MERGED from [com.android.support:support-v4:24.1.1] AndroidManifest.xml:21:5-23:54
	tools:overrideLibrary
		ADDED from [com.android.support:appcompat-v7:24.1.1] AndroidManifest.xml:23:9-75
	android:targetSdkVersion
		INJECTED from src/main/AndroidManifest.xml
		INJECTED from src/main/AndroidManifest.xml
	android:minSdkVersion
		INJECTED from src/main/AndroidManifest.xml
		INJECTED from src/main/AndroidManifest.xml